# JRE version: Java(TM) SE Runtime Environment (8.0_111-b14) (build 1.8.0_111-b14)
# Java VM: Java HotSpot(TM) 64-Bit Server VM (25.111-b14 mixed mode windows-amd64 compressed oops)
Heap:
 PSYoungGen      total 94720K, used 3826K [0x00000000f5e00000, 0x00000000fbd00000, 0x0000000100000000)
  eden space 92160K, 3% used [0x00000000f5e00000,0x00000000f6199348,0x00000000fb800000)
  from space 2560K, 5% used [0x00000000fb800000,0x00000000fb823818,0x00000000fba80000)
  to   space 2560K, 0% used [0x00000000fba80000,0x00000000fba80000,0x00000000fbd00000)
 ParOldGen       total 22016K, used 9527K [0x00000000e1a00000, 0x00000000e2f80000, 0x00000000f5e00000)
  object space 22016K, 43% used [0x00000000e1a00000,0x00000000e234dca0,0x00000000e2f80000)
 Metaspace       used 8111K, capacity 8328K, committed 8448K, reserved 1056768K
  class space    used 930K, capacity 1019K, committed 1024K, reserved 1048576K
GC Heap History (10 events):
Event: 11.326 GC heap before
{Heap before GC invocations=18 (full 0):
 PSYoungGen      total 64512K, used 61582K [0x00000000f5e00000, 0x00000000fa300000, 0x0000000100000000)
  eden space 61440K, 100% used [0x00000000f5e00000,0x00000000f9a00000,0x00000000f9a00000)
  from space 3072K, 4% used [0x00000000f9d00000,0x00000000f9d23818,0x00000000fa000000)
  to   space 2560K, 0% used [0x00000000fa080000,0x00000000fa080000,0x00000000fa300000)
 ParOldGen       total 22016K, used 9487K [0x00000000e1a00000, 0x00000000e2f80000, 0x00000000f5e00000)
  object space 22016K, 43% used [0x00000000e1a00000,0x00000000e2343ca0,0x00000000e2f80000)
 Metaspace       used 8106K, capacity 8328K, committed 8448K, reserved 1056768K
  class space    used 930K, capacity 1019K, committed 1024K, reserved 1048576K
Event: 11.341 GC heap after
Heap after GC invocations=18 (full 0):
 PSYoungGen      total 68096K, used 142K [0x00000000f5e00000, 0x00000000fb700000, 0x0000000100000000)
  eden space 65536K, 0% used [0x00000000f5e00000,0x00000000f5e00000,0x00000000f9e00000)
  from space 2560K, 5% used [0x00000000fa080000,0x00000000fa0a3818,0x00000000fa300000)
  to   space 2560K, 0% used [0x00000000f9e00000,0x00000000f9e00000,0x00000000fa080000)
 ParOldGen       total 22016K, used 9495K [0x00000000e1a00000, 0x00000000e2f80000, 0x00000000f5e00000)
  object space 22016K, 43% used [0x00000000e1a00000,0x00000000e2345ca0,0x00000000e2f80000)
 Metaspace       used 8106K, capacity 8328K, committed 8448K, reserved 1056768K
  class space    used 930K, capacity 1019K, committed 1024K, reserved 1048576K
}
Event: 11.725 GC heap before
{Heap before GC invocations=19 (full 0):
 PSYoungGen      total 68096K, used 65678K [0x00000000f5e00000, 0x00000000fb700000, 0x0000000100000000)
  eden space 65536K, 100% used [0x00000000f5e00000,0x00000000f9e00000,0x00000000f9e00000)
  from space 2560K, 5% used [0x00000000fa080000,0x00000000fa0a3818,0x00000000fa300000)
  to   space 2560K, 0% used [0x00000000f9e00000,0x00000000f9e00000,0x00000000fa080000)
 ParOldGen       total 22016K, used 9495K [0x00000000e1a00000, 0x00000000e2f80000, 0x00000000f5e00000)
  object space 22016K, 43% used [0x00000000e1a00000,0x00000000e2345ca0,0x00000000e2f80000)
 Metaspace       used 8108K, capacity 8328K, committed 8448K, reserved 1056768K
  class space    used 930K, capacity 1019K, committed 1024K, reserved 1048576K
Event: 11.726 GC heap after
Heap after GC invocations=19 (full 0):
 PSYoungGen      total 68096K, used 142K [0x00000000f5e00000, 0x00000000fbd00000, 0x0000000100000000)
  eden space 65536K, 0% used [0x00000000f5e00000,0x00000000f5e00000,0x00000000f9e00000)
  from space 2560K, 5% used [0x00000000f9e00000,0x00000000f9e23818,0x00000000fa080000)
  to   space 2560K, 0% used [0x00000000fba80000,0x00000000fba80000,0x00000000fbd00000)
 ParOldGen       total 22016K, used 9503K [0x00000000e1a00000, 0x00000000e2f80000, 0x00000000f5e00000)
  object space 22016K, 43% used [0x00000000e1a00000,0x00000000e2347ca0,0x00000000e2f80000)
 Metaspace       used 8108K, capacity 8328K, committed 8448K, reserved 1056768K
  class space    used 930K, capacity 1019K, committed 1024K, reserved 1048576K
}
Event: 12.092 GC heap before
{Heap before GC invocations=20 (full 0):
 PSYoungGen      total 68096K, used 65678K [0x00000000f5e00000, 0x00000000fbd00000, 0x0000000100000000)
  eden space 65536K, 100% used [0x00000000f5e00000,0x00000000f9e00000,0x00000000f9e00000)
  from space 2560K, 5% used [0x00000000f9e00000,0x00000000f9e23818,0x00000000fa080000)
  to   space 2560K, 0% used [0x00000000fba80000,0x00000000fba80000,0x00000000fbd00000)
 ParOldGen       total 22016K, used 9503K [0x00000000e1a00000, 0x00000000e2f80000, 0x00000000f5e00000)
  object space 22016K, 43% used [0x00000000e1a00000,0x00000000e2347ca0,0x00000000e2f80000)
 Metaspace       used 8109K, capacity 8328K, committed 8448K, reserved 1056768K
  class space    used 930K, capacity 1019K, committed 1024K, reserved 1048576K
Event: 12.136 GC heap after
Heap after GC invocations=20 (full 0):
 PSYoungGen      total 94720K, used 110K [0x00000000f5e00000, 0x00000000fbd00000, 0x0000000100000000)
  eden space 92160K, 0% used [0x00000000f5e00000,0x00000000f5e00000,0x00000000fb800000)
  from space 2560K, 4% used [0x00000000fba80000,0x00000000fba9b818,0x00000000fbd00000)
  to   space 2560K, 0% used [0x00000000fb800000,0x00000000fb800000,0x00000000fba80000)
 ParOldGen       total 22016K, used 9503K [0x00000000e1a00000, 0x00000000e2f80000, 0x00000000f5e00000)
  object space 22016K, 43% used [0x00000000e1a00000,0x00000000e2347ca0,0x00000000e2f80000)
 Metaspace       used 8109K, capacity 8328K, committed 8448K, reserved 1056768K
  class space    used 930K, capacity 1019K, committed 1024K, reserved 1048576K
}
Event: 12.680 GC heap before
{Heap before GC invocations=21 (full 0):
 PSYoungGen      total 94720K, used 92270K [0x00000000f5e00000, 0x00000000fbd00000, 0x0000000100000000)
  eden space 92160K, 100% used [0x00000000f5e00000,0x00000000fb800000,0x00000000fb800000)
  from space 2560K, 4% used [0x00000000fba80000,0x00000000fba9b818,0x00000000fbd00000)
  to   space 2560K, 0% used [0x00000000fb800000,0x00000000fb800000,0x00000000fba80000)
 ParOldGen       total 22016K, used 9503K [0x00000000e1a00000, 0x00000000e2f80000, 0x00000000f5e00000)
  object space 22016K, 43% used [0x00000000e1a00000,0x00000000e2347ca0,0x00000000e2f80000)
 Metaspace       used 8111K, capacity 8328K, committed 8448K, reserved 1056768K
  class space    used 930K, capacity 1019K, committed 1024K, reserved 1048576K
Event: 12.681 GC heap after
Heap after GC invocations=21 (full 0):
 PSYoungGen      total 94720K, used 142K [0x00000000f5e00000, 0x00000000fbd00000, 0x0000000100000000)
  eden space 92160K, 0% used [0x00000000f5e00000,0x00000000f5e00000,0x00000000fb800000)
  from space 2560K, 5% used [0x00000000fb800000,0x00000000fb823818,0x00000000fba80000)
  to   space 2560K, 0% used [0x00000000fba80000,0x00000000fba80000,0x00000000fbd00000)
 ParOldGen       total 22016K, used 9511K [0x00000000e1a00000, 0x00000000e2f80000, 0x00000000f5e00000)
  object space 22016K, 43% used [0x00000000e1a00000,0x00000000e2349ca0,0x00000000e2f80000)
 Metaspace       used 8111K, capacity 8328K, committed 8448K, reserved 1056768K
  class space    used 930K, capacity 1019K, committed 1024K, reserved 1048576K
}
Event: 13.174 GC heap before
{Heap before GC invocations=22 (full 0):
 PSYoungGen      total 94720K, used 92302K [0x00000000f5e00000, 0x00000000fbd00000, 0x0000000100000000)
  eden space 92160K, 100% used [0x00000000f5e00000,0x00000000fb800000,0x00000000fb800000)
  from space 2560K, 5% used [0x00000000fb800000,0x00000000fb823818,0x00000000fba80000)
  to   space 2560K, 0% used [0x00000000fba80000,0x00000000fba80000,0x00000000fbd00000)
 ParOldGen       total 22016K, used 9511K [0x00000000e1a00000, 0x00000000e2f80000, 0x00000000f5e00000)
  object space 22016K, 43% used [0x00000000e1a00000,0x00000000e2349ca0,0x00000000e2f80000)
 Metaspace       used 8111K, capacity 8328K, committed 8448K, reserved 1056768K
  class space    used 930K, capacity 1019K, committed 1024K, reserved 1048576K
Event: 13.176 GC heap after
Heap after GC invocations=22 (full 0):
 PSYoungGen      total 94720K, used 142K [0x00000000f5e00000, 0x00000000fbd00000, 0x0000000100000000)
  eden space 92160K, 0% used [0x00000000f5e00000,0x00000000f5e00000,0x00000000fb800000)
  from space 2560K, 5% used [0x00000000fba80000,0x00000000fbaa3818,0x00000000fbd00000)
  to   space 2560K, 0% used [0x00000000fb800000,0x00000000fb800000,0x00000000fba80000)
 ParOldGen       total 22016K, used 9519K [0x00000000e1a00000, 0x00000000e2f80000, 0x00000000f5e00000)
  object space 22016K, 43% used [0x00000000e1a00000,0x00000000e234bca0,0x00000000e2f80000)
 Metaspace       used 8111K, capacity 8328K, committed 8448K, reserved 1056768K
  class space    used 930K, capacity 1019K, committed 1024K, reserved 1048576K
}

