# JRE version: Java(TM) SE Runtime Environment (8.0_111-b14) (build 1.8.0_111-b14)
# Java VM: Java HotSpot(TM) 64-Bit Server VM (25.111-b14 mixed mode windows-amd64 compressed oops)
Heap:
 PSYoungGen      total 68096K, used 57682K [0x00000000f5e00000, 0x00000000fa280000, 0x0000000100000000)
  eden space 66048K, 87% used [0x00000000f5e00000,0x00000000f9634bc0,0x00000000f9e80000)
  from space 2048K, 6% used [0x00000000fa080000,0x00000000fa0a0000,0x00000000fa280000)
  to   space 2048K, 0% used [0x00000000f9e80000,0x00000000f9e80000,0x00000000fa080000)
 ParOldGen       total 22016K, used 9667K [0x00000000e1a00000, 0x00000000e2f80000, 0x00000000f5e00000)
  object space 22016K, 43% used [0x00000000e1a00000,0x00000000e2370f80,0x00000000e2f80000)
 Metaspace       used 8286K, capacity 8488K, committed 8832K, reserved 1056768K
  class space    used 983K, capacity 1051K, committed 1152K, reserved 1048576K
GC Heap History (10 events):
Event: 19.327 GC heap before
{Heap before GC invocations=24 (full 0):
 PSYoungGen      total 30208K, used 27744K [0x00000000f5e00000, 0x00000000f8900000, 0x0000000100000000)
  eden space 27648K, 100% used [0x00000000f5e00000,0x00000000f7900000,0x00000000f7900000)
  from space 2560K, 3% used [0x00000000f7900000,0x00000000f7918000,0x00000000f7b80000)
  to   space 2560K, 0% used [0x00000000f8680000,0x00000000f8680000,0x00000000f8900000)
 ParOldGen       total 22016K, used 9170K [0x00000000e1a00000, 0x00000000e2f80000, 0x00000000f5e00000)
  object space 22016K, 41% used [0x00000000e1a00000,0x00000000e22f4b60,0x00000000e2f80000)
 Metaspace       used 8188K, capacity 8360K, committed 8576K, reserved 1056768K
  class space    used 983K, capacity 1051K, committed 1152K, reserved 1048576K
Event: 19.328 GC heap after
Heap after GC invocations=24 (full 0):
 PSYoungGen      total 41472K, used 96K [0x00000000f5e00000, 0x00000000f8900000, 0x0000000100000000)
  eden space 38912K, 0% used [0x00000000f5e00000,0x00000000f5e00000,0x00000000f8400000)
  from space 2560K, 3% used [0x00000000f8680000,0x00000000f8698000,0x00000000f8900000)
  to   space 2560K, 0% used [0x00000000f8400000,0x00000000f8400000,0x00000000f8680000)
 ParOldGen       total 22016K, used 9255K [0x00000000e1a00000, 0x00000000e2f80000, 0x00000000f5e00000)
  object space 22016K, 42% used [0x00000000e1a00000,0x00000000e2309d40,0x00000000e2f80000)
 Metaspace       used 8188K, capacity 8360K, committed 8576K, reserved 1056768K
  class space    used 983K, capacity 1051K, committed 1152K, reserved 1048576K
}
Event: 25.298 GC heap before
{Heap before GC invocations=25 (full 0):
 PSYoungGen      total 41472K, used 39008K [0x00000000f5e00000, 0x00000000f8900000, 0x0000000100000000)
  eden space 38912K, 100% used [0x00000000f5e00000,0x00000000f8400000,0x00000000f8400000)
  from space 2560K, 3% used [0x00000000f8680000,0x00000000f8698000,0x00000000f8900000)
  to   space 2560K, 0% used [0x00000000f8400000,0x00000000f8400000,0x00000000f8680000)
 ParOldGen       total 22016K, used 9255K [0x00000000e1a00000, 0x00000000e2f80000, 0x00000000f5e00000)
  object space 22016K, 42% used [0x00000000e1a00000,0x00000000e2309d40,0x00000000e2f80000)
 Metaspace       used 8262K, capacity 8424K, committed 8576K, reserved 1056768K
  class space    used 983K, capacity 1051K, committed 1152K, reserved 1048576K
Event: 25.299 GC heap after
Heap after GC invocations=25 (full 0):
 PSYoungGen      total 41472K, used 96K [0x00000000f5e00000, 0x00000000f9480000, 0x0000000100000000)
  eden space 38912K, 0% used [0x00000000f5e00000,0x00000000f5e00000,0x00000000f8400000)
  from space 2560K, 3% used [0x00000000f8400000,0x00000000f8418000,0x00000000f8680000)
  to   space 2560K, 0% used [0x00000000f9200000,0x00000000f9200000,0x00000000f9480000)
 ParOldGen       total 22016K, used 9330K [0x00000000e1a00000, 0x00000000e2f80000, 0x00000000f5e00000)
  object space 22016K, 42% used [0x00000000e1a00000,0x00000000e231c800,0x00000000e2f80000)
 Metaspace       used 8262K, capacity 8424K, committed 8576K, reserved 1056768K
  class space    used 983K, capacity 1051K, committed 1152K, reserved 1048576K
}
Event: 25.505 GC heap before
{Heap before GC invocations=26 (full 0):
 PSYoungGen      total 41472K, used 39008K [0x00000000f5e00000, 0x00000000f9480000, 0x0000000100000000)
  eden space 38912K, 100% used [0x00000000f5e00000,0x00000000f8400000,0x00000000f8400000)
  from space 2560K, 3% used [0x00000000f8400000,0x00000000f8418000,0x00000000f8680000)
  to   space 2560K, 0% used [0x00000000f9200000,0x00000000f9200000,0x00000000f9480000)
 ParOldGen       total 22016K, used 9330K [0x00000000e1a00000, 0x00000000e2f80000, 0x00000000f5e00000)
  object space 22016K, 42% used [0x00000000e1a00000,0x00000000e231c800,0x00000000e2f80000)
 Metaspace       used 8262K, capacity 8424K, committed 8576K, reserved 1056768K
  class space    used 983K, capacity 1051K, committed 1152K, reserved 1048576K
Event: 25.506 GC heap after
Heap after GC invocations=26 (full 0):
 PSYoungGen      total 52224K, used 160K [0x00000000f5e00000, 0x00000000f9380000, 0x0000000100000000)
  eden space 50688K, 0% used [0x00000000f5e00000,0x00000000f5e00000,0x00000000f8f80000)
  from space 1536K, 10% used [0x00000000f9200000,0x00000000f9228000,0x00000000f9380000)
  to   space 2048K, 0% used [0x00000000f8f80000,0x00000000f8f80000,0x00000000f9180000)
 ParOldGen       total 22016K, used 9422K [0x00000000e1a00000, 0x00000000e2f80000, 0x00000000f5e00000)
  object space 22016K, 42% used [0x00000000e1a00000,0x00000000e23339e0,0x00000000e2f80000)
 Metaspace       used 8262K, capacity 8424K, committed 8576K, reserved 1056768K
  class space    used 983K, capacity 1051K, committed 1152K, reserved 1048576K
}
Event: 25.767 GC heap before
{Heap before GC invocations=27 (full 0):
 PSYoungGen      total 52224K, used 50848K [0x00000000f5e00000, 0x00000000f9380000, 0x0000000100000000)
  eden space 50688K, 100% used [0x00000000f5e00000,0x00000000f8f80000,0x00000000f8f80000)
  from space 1536K, 10% used [0x00000000f9200000,0x00000000f9228000,0x00000000f9380000)
  to   space 2048K, 0% used [0x00000000f8f80000,0x00000000f8f80000,0x00000000f9180000)
 ParOldGen       total 22016K, used 9422K [0x00000000e1a00000, 0x00000000e2f80000, 0x00000000f5e00000)
  object space 22016K, 42% used [0x00000000e1a00000,0x00000000e23339e0,0x00000000e2f80000)
 Metaspace       used 8262K, capacity 8424K, committed 8576K, reserved 1056768K
  class space    used 983K, capacity 1051K, committed 1152K, reserved 1048576K
Event: 25.768 GC heap after
Heap after GC invocations=27 (full 0):
 PSYoungGen      total 52736K, used 160K [0x00000000f5e00000, 0x00000000fa280000, 0x0000000100000000)
  eden space 50688K, 0% used [0x00000000f5e00000,0x00000000f5e00000,0x00000000f8f80000)
  from space 2048K, 7% used [0x00000000f8f80000,0x00000000f8fa8000,0x00000000f9180000)
  to   space 2048K, 0% used [0x00000000fa080000,0x00000000fa080000,0x00000000fa280000)
 ParOldGen       total 22016K, used 9536K [0x00000000e1a00000, 0x00000000e2f80000, 0x00000000f5e00000)
  object space 22016K, 43% used [0x00000000e1a00000,0x00000000e2350120,0x00000000e2f80000)
 Metaspace       used 8262K, capacity 8424K, committed 8576K, reserved 1056768K
  class space    used 983K, capacity 1051K, committed 1152K, reserved 1048576K
}
Event: 26.004 GC heap before
{Heap before GC invocations=28 (full 0):
 PSYoungGen      total 52736K, used 50848K [0x00000000f5e00000, 0x00000000fa280000, 0x0000000100000000)
  eden space 50688K, 100% used [0x00000000f5e00000,0x00000000f8f80000,0x00000000f8f80000)
  from space 2048K, 7% used [0x00000000f8f80000,0x00000000f8fa8000,0x00000000f9180000)
  to   space 2048K, 0% used [0x00000000fa080000,0x00000000fa080000,0x00000000fa280000)
 ParOldGen       total 22016K, used 9536K [0x00000000e1a00000, 0x00000000e2f80000, 0x00000000f5e00000)
  object space 22016K, 43% used [0x00000000e1a00000,0x00000000e2350120,0x00000000e2f80000)
 Metaspace       used 8262K, capacity 8424K, committed 8576K, reserved 1056768K
  class space    used 983K, capacity 1051K, committed 1152K, reserved 1048576K
Event: 26.006 GC heap after
Heap after GC invocations=28 (full 0):
 PSYoungGen      total 68096K, used 128K [0x00000000f5e00000, 0x00000000fa280000, 0x0000000100000000)
  eden space 66048K, 0% used [0x00000000f5e00000,0x00000000f5e00000,0x00000000f9e80000)
  from space 2048K, 6% used [0x00000000fa080000,0x00000000fa0a0000,0x00000000fa280000)
  to   space 2048K, 0% used [0x00000000f9e80000,0x00000000f9e80000,0x00000000fa080000)
 ParOldGen       total 22016K, used 9667K [0x00000000e1a00000, 0x00000000e2f80000, 0x00000000f5e00000)
  object space 22016K, 43% used [0x00000000e1a00000,0x00000000e2370f80,0x00000000e2f80000)
 Metaspace       used 8262K, capacity 8424K, committed 8576K, reserved 1056768K
  class space    used 983K, capacity 1051K, committed 1152K, reserved 1048576K
}

