# JRE version: Java(TM) SE Runtime Environment (8.0_111-b14) (build 1.8.0_111-b14)
# Java VM: Java HotSpot(TM) 64-Bit Server VM (25.111-b14 mixed mode windows-amd64 compressed oops)
Heap:
 PSYoungGen      total 46080K, used 27238K [0x00000000f5e00000, 0x00000000f9000000, 0x0000000100000000)
  eden space 45056K, 60% used [0x00000000f5e00000,0x00000000f7879860,0x00000000f8a00000)
  from space 1024K, 12% used [0x00000000f8e00000,0x00000000f8e20000,0x00000000f8f00000)
  to   space 1024K, 0% used [0x00000000f8f00000,0x00000000f8f00000,0x00000000f9000000)
 ParOldGen       total 22016K, used 10105K [0x00000000e1a00000, 0x00000000e2f80000, 0x00000000f5e00000)
  object space 22016K, 45% used [0x00000000e1a00000,0x00000000e23de6d0,0x00000000e2f80000)
 Metaspace       used 8309K, capacity 8472K, committed 8576K, reserved 1056768K
  class space    used 983K, capacity 1051K, committed 1152K, reserved 1048576K
GC Heap History (10 events):
Event: 24.011 GC heap before
{Heap before GC invocations=35 (full 0):
 PSYoungGen      total 51712K, used 50304K [0x00000000f5e00000, 0x00000000f9200000, 0x0000000100000000)
  eden space 50176K, 100% used [0x00000000f5e00000,0x00000000f8f00000,0x00000000f8f00000)
  from space 1536K, 8% used [0x00000000f9080000,0x00000000f90a0000,0x00000000f9200000)
  to   space 1536K, 0% used [0x00000000f8f00000,0x00000000f8f00000,0x00000000f9080000)
 ParOldGen       total 22016K, used 9745K [0x00000000e1a00000, 0x00000000e2f80000, 0x00000000f5e00000)
  object space 22016K, 44% used [0x00000000e1a00000,0x00000000e2384670,0x00000000e2f80000)
 Metaspace       used 8295K, capacity 8472K, committed 8576K, reserved 1056768K
  class space    used 983K, capacity 1051K, committed 1152K, reserved 1048576K
Event: 24.012 GC heap after
Heap after GC invocations=35 (full 0):
 PSYoungGen      total 48640K, used 96K [0x00000000f5e00000, 0x00000000f9100000, 0x0000000100000000)
  eden space 48128K, 0% used [0x00000000f5e00000,0x00000000f5e00000,0x00000000f8d00000)
  from space 512K, 18% used [0x00000000f8f00000,0x00000000f8f18000,0x00000000f8f80000)
  to   space 1536K, 0% used [0x00000000f8f80000,0x00000000f8f80000,0x00000000f9100000)
 ParOldGen       total 22016K, used 9838K [0x00000000e1a00000, 0x00000000e2f80000, 0x00000000f5e00000)
  object space 22016K, 44% used [0x00000000e1a00000,0x00000000e239b850,0x00000000e2f80000)
 Metaspace       used 8295K, capacity 8472K, committed 8576K, reserved 1056768K
  class space    used 983K, capacity 1051K, committed 1152K, reserved 1048576K
}
Event: 24.297 GC heap before
{Heap before GC invocations=36 (full 0):
 PSYoungGen      total 48640K, used 48224K [0x00000000f5e00000, 0x00000000f9100000, 0x0000000100000000)
  eden space 48128K, 100% used [0x00000000f5e00000,0x00000000f8d00000,0x00000000f8d00000)
  from space 512K, 18% used [0x00000000f8f00000,0x00000000f8f18000,0x00000000f8f80000)
  to   space 1536K, 0% used [0x00000000f8f80000,0x00000000f8f80000,0x00000000f9100000)
 ParOldGen       total 22016K, used 9838K [0x00000000e1a00000, 0x00000000e2f80000, 0x00000000f5e00000)
  object space 22016K, 44% used [0x00000000e1a00000,0x00000000e239b850,0x00000000e2f80000)
 Metaspace       used 8296K, capacity 8472K, committed 8576K, reserved 1056768K
  class space    used 983K, capacity 1051K, committed 1152K, reserved 1048576K
Event: 24.298 GC heap after
Heap after GC invocations=36 (full 0):
 PSYoungGen      total 47104K, used 128K [0x00000000f5e00000, 0x00000000f9000000, 0x0000000100000000)
  eden space 46592K, 0% used [0x00000000f5e00000,0x00000000f5e00000,0x00000000f8b80000)
  from space 512K, 25% used [0x00000000f8f80000,0x00000000f8fa0000,0x00000000f9000000)
  to   space 1024K, 0% used [0x00000000f8e00000,0x00000000f8e00000,0x00000000f8f00000)
 ParOldGen       total 22016K, used 9893K [0x00000000e1a00000, 0x00000000e2f80000, 0x00000000f5e00000)
  object space 22016K, 44% used [0x00000000e1a00000,0x00000000e23a94d0,0x00000000e2f80000)
 Metaspace       used 8296K, capacity 8472K, committed 8576K, reserved 1056768K
  class space    used 983K, capacity 1051K, committed 1152K, reserved 1048576K
}
Event: 24.541 GC heap before
{Heap before GC invocations=37 (full 0):
 PSYoungGen      total 47104K, used 46720K [0x00000000f5e00000, 0x00000000f9000000, 0x0000000100000000)
  eden space 46592K, 100% used [0x00000000f5e00000,0x00000000f8b80000,0x00000000f8b80000)
  from space 512K, 25% used [0x00000000f8f80000,0x00000000f8fa0000,0x00000000f9000000)
  to   space 1024K, 0% used [0x00000000f8e00000,0x00000000f8e00000,0x00000000f8f00000)
 ParOldGen       total 22016K, used 9893K [0x00000000e1a00000, 0x00000000e2f80000, 0x00000000f5e00000)
  object space 22016K, 44% used [0x00000000e1a00000,0x00000000e23a94d0,0x00000000e2f80000)
 Metaspace       used 8296K, capacity 8472K, committed 8576K, reserved 1056768K
  class space    used 983K, capacity 1051K, committed 1152K, reserved 1048576K
Event: 24.542 GC heap after
Heap after GC invocations=37 (full 0):
 PSYoungGen      total 46080K, used 96K [0x00000000f5e00000, 0x00000000f9000000, 0x0000000100000000)
  eden space 45056K, 0% used [0x00000000f5e00000,0x00000000f5e00000,0x00000000f8a00000)
  from space 1024K, 9% used [0x00000000f8e00000,0x00000000f8e18000,0x00000000f8f00000)
  to   space 1024K, 0% used [0x00000000f8f00000,0x00000000f8f00000,0x00000000f9000000)
 ParOldGen       total 22016K, used 9985K [0x00000000e1a00000, 0x00000000e2f80000, 0x00000000f5e00000)
  object space 22016K, 45% used [0x00000000e1a00000,0x00000000e23c06b0,0x00000000e2f80000)
 Metaspace       used 8296K, capacity 8472K, committed 8576K, reserved 1056768K
  class space    used 983K, capacity 1051K, committed 1152K, reserved 1048576K
}
Event: 24.768 GC heap before
{Heap before GC invocations=38 (full 0):
 PSYoungGen      total 46080K, used 45152K [0x00000000f5e00000, 0x00000000f9000000, 0x0000000100000000)
  eden space 45056K, 100% used [0x00000000f5e00000,0x00000000f8a00000,0x00000000f8a00000)
  from space 1024K, 9% used [0x00000000f8e00000,0x00000000f8e18000,0x00000000f8f00000)
  to   space 1024K, 0% used [0x00000000f8f00000,0x00000000f8f00000,0x00000000f9000000)
 ParOldGen       total 22016K, used 9985K [0x00000000e1a00000, 0x00000000e2f80000, 0x00000000f5e00000)
  object space 22016K, 45% used [0x00000000e1a00000,0x00000000e23c06b0,0x00000000e2f80000)
 Metaspace       used 8296K, capacity 8472K, committed 8576K, reserved 1056768K
  class space    used 983K, capacity 1051K, committed 1152K, reserved 1048576K
Event: 24.786 GC heap after
Heap after GC invocations=38 (full 0):
 PSYoungGen      total 46080K, used 64K [0x00000000f5e00000, 0x00000000f9000000, 0x0000000100000000)
  eden space 45056K, 0% used [0x00000000f5e00000,0x00000000f5e00000,0x00000000f8a00000)
  from space 1024K, 6% used [0x00000000f8f00000,0x00000000f8f10000,0x00000000f9000000)
  to   space 1024K, 0% used [0x00000000f8e00000,0x00000000f8e00000,0x00000000f8f00000)
 ParOldGen       total 22016K, used 10042K [0x00000000e1a00000, 0x00000000e2f80000, 0x00000000f5e00000)
  object space 22016K, 45% used [0x00000000e1a00000,0x00000000e23cea50,0x00000000e2f80000)
 Metaspace       used 8296K, capacity 8472K, committed 8576K, reserved 1056768K
  class space    used 983K, capacity 1051K, committed 1152K, reserved 1048576K
}
Event: 25.074 GC heap before
{Heap before GC invocations=39 (full 0):
 PSYoungGen      total 46080K, used 45120K [0x00000000f5e00000, 0x00000000f9000000, 0x0000000100000000)
  eden space 45056K, 100% used [0x00000000f5e00000,0x00000000f8a00000,0x00000000f8a00000)
  from space 1024K, 6% used [0x00000000f8f00000,0x00000000f8f10000,0x00000000f9000000)
  to   space 1024K, 0% used [0x00000000f8e00000,0x00000000f8e00000,0x00000000f8f00000)
 ParOldGen       total 22016K, used 10042K [0x00000000e1a00000, 0x00000000e2f80000, 0x00000000f5e00000)
  object space 22016K, 45% used [0x00000000e1a00000,0x00000000e23cea50,0x00000000e2f80000)
 Metaspace       used 8296K, capacity 8472K, committed 8576K, reserved 1056768K
  class space    used 983K, capacity 1051K, committed 1152K, reserved 1048576K
Event: 25.075 GC heap after
Heap after GC invocations=39 (full 0):
 PSYoungGen      total 46080K, used 128K [0x00000000f5e00000, 0x00000000f9000000, 0x0000000100000000)
  eden space 45056K, 0% used [0x00000000f5e00000,0x00000000f5e00000,0x00000000f8a00000)
  from space 1024K, 12% used [0x00000000f8e00000,0x00000000f8e20000,0x00000000f8f00000)
  to   space 1024K, 0% used [0x00000000f8f00000,0x00000000f8f00000,0x00000000f9000000)
 ParOldGen       total 22016K, used 10105K [0x00000000e1a00000, 0x00000000e2f80000, 0x00000000f5e00000)
  object space 22016K, 45% used [0x00000000e1a00000,0x00000000e23de6d0,0x00000000e2f80000)
 Metaspace       used 8296K, capacity 8472K, committed 8576K, reserved 1056768K
  class space    used 983K, capacity 1051K, committed 1152K, reserved 1048576K
}

